<?xml version="1.0" encoding="UTF-8"?>
<!-- Generated by org.testng.reporters.JUnitReportReporter -->
<testsuite hostname="ROSHAN-VAS" failures="0" tests="1" name="testcases.LoginApplication" time="8.686" errors="0" timestamp="11 Aug 2020 12:25:29 GMT" skipped="0">
  <testcase classname="testcases.LoginApplication" name="Login" time="8.686"/>
</testsuite> <!-- testcases.LoginApplication -->
