<?xml version="1.0" encoding="UTF-8"?>
<!-- Generated by org.testng.reporters.JUnitReportReporter -->
<testsuite hostname="ROSHAN-VAS" failures="0" tests="1" name="testng.TestNgAnnotation_2" time="0.008" errors="0" timestamp="07 Aug 2020 12:29:00 GMT" skipped="0">
  <testcase classname="testng.TestNgAnnotation_2" name="test3" time="0.008"/>
</testsuite> <!-- testng.TestNgAnnotation_2 -->
