<?xml version="1.0" encoding="UTF-8"?>
<!-- Generated by org.testng.reporters.JUnitReportReporter -->
<testsuite hostname="ROSHAN-VAS" failures="0" tests="2" name="testng.TestNgAnnotation_1" time="0.004" errors="0" timestamp="07 Aug 2020 12:29:00 GMT" skipped="0">
  <testcase classname="testng.TestNgAnnotation_1" name="test1" time="0.002"/>
  <testcase classname="testng.TestNgAnnotation_1" name="test2" time="0.002"/>
</testsuite> <!-- testng.TestNgAnnotation_1 -->
